<?xml version="1.0" encoding="UTF-8"?>
<!-- Generated by org.testng.reporters.JUnitReportReporter -->
<testsuite skipped="0" hostname="Lisa" name="mukeshOtwaniGrid.Griddemo" tests="1" failures="0" timestamp="22 Jun 2020 03:19:27 GMT" time="3428.348" errors="0">
  <testcase name="testApp" time="3428.348" classname="mukeshOtwaniGrid.Griddemo"/>
</testsuite> <!-- mukeshOtwaniGrid.Griddemo -->
